<?xml version="1.0" encoding="UTF-8"?>
<testsuite xmlns:xsi="http://www.w3.org/2001/XMLSchema-instance" xsi:noNamespaceSchemaLocation="https://maven.apache.org/surefire/maven-surefire-plugin/xsd/surefire-test-report.xsd" name="org.fpij.jitakyoei.model.dao.AlunoDaoTest" time="0.037" tests="2" errors="2" skipped="0" failures="0">
  <properties>
[...]
</properties>
  <testcase name="org.fpij.jitakyoei.model.dao.AlunoDaoTest" classname="org.fpij.jitakyoei.model.dao.AlunoDaoTest" time="0.036">
    <error message="com/db4o/Db4o" type="java.lang.NoClassDefFoundError">java.lang.NoClassDefFoundError: com/db4o/Db4o
	at org.fpij.jitakyoei.model.dao.AlunoDaoTest.setUp(AlunoDaoTest.java:66)
Caused by: java.lang.ClassNotFoundException: com.db4o.Db4o
	at org.fpij.jitakyoei.model.dao.AlunoDaoTest.setUp(AlunoDaoTest.java:66)
</error>
  </testcase>
  <testcase name="org.fpij.jitakyoei.model.dao.AlunoDaoTest" classname="org.fpij.jitakyoei.model.dao.AlunoDaoTest" time="0.037">
    <error message="Cannot invoke &quot;org.fpij.jitakyoei.model.dao.DAO.list()&quot; because &quot;org.fpij.jitakyoei.model.dao.AlunoDaoTest.alunoDao&quot; is null" type="java.lang.NullPointerException">java.lang.NullPointerException: Cannot invoke "org.fpij.jitakyoei.model.dao.DAO.list()" because "org.fpij.jitakyoei.model.dao.AlunoDaoTest.alunoDao" is null
	at org.fpij.jitakyoei.model.dao.AlunoDaoTest.clearDatabase(AlunoDaoTest.java:70)
	at org.fpij.jitakyoei.model.dao.AlunoDaoTest.closeDatabase(AlunoDaoTest.java:150)
</error>
  </testcase>
</testsuite>